<?xml version="1.0" encoding="UTF-8"?>
<testsuite name="TestSuite" time="38.624" tests="4" errors="0" skipped="0" failures="3">
  <properties>
[...]
</properties>
  <testcase name="loginTest" classname="com.NopCommerce.TestCase.TC_LoginTestDDT_002" time="38.624">
    <failure message="expected [true] but found [false]" type="java.lang.AssertionError">java.lang.AssertionError: expected [true] but found [false]
	at org.testng.Assert.fail(Assert.java:99)
	at org.testng.Assert.failNotEquals(Assert.java:1037)
	at org.testng.Assert.assertTrue(Assert.java:45)
	at org.testng.Assert.assertTrue(Assert.java:55)
	at com.NopCommerce.TestCase.TC_LoginTestDDT_002.loginTest(TC_LoginTestDDT_002.java:43)
</failure>
    <system-out><![CDATA[ INFO [main] (TC_LoginTestDDT_002.java:20)- URL is opened...
 INFO [main] (TC_LoginTestDDT_002.java:24)- username is provided...
 INFO [main] (TC_LoginTestDDT_002.java:27)- password is provided....
]]></system-out>
    <system-err><![CDATA[SLF4J: Failed to load class "org.slf4j.impl.StaticLoggerBinder".
SLF4J: Defaulting to no-operation (NOP) logger implementation
SLF4J: See http://www.slf4j.org/codes.html#StaticLoggerBinder for further details.
Starting ChromeDriver 93.0.4577.63 (ff5c0da2ec0adeaed5550e6c7e98417dac77d98a-refs/branch-heads/4577@{#1135}) on port 6868
Only local connections are allowed.
Please see https://chromedriver.chromium.org/security-considerations for suggestions on keeping ChromeDriver safe.
ChromeDriver was started successfully.
Sep 15, 2021 5:13:21 PM org.openqa.selenium.remote.ProtocolHandshake createSession
INFO: Detected dialect: W3C
]]></system-err>
  </testcase>
  <testcase name="loginTest" classname="com.NopCommerce.TestCase.TC_LoginTestDDT_002" time="19.675"/>
  <testcase name="loginTest" classname="com.NopCommerce.TestCase.TC_LoginTestDDT_002" time="6.759">
    <failure message="expected [true] but found [false]" type="java.lang.AssertionError">java.lang.AssertionError: expected [true] but found [false]
	at org.testng.Assert.fail(Assert.java:99)
	at org.testng.Assert.failNotEquals(Assert.java:1037)
	at org.testng.Assert.assertTrue(Assert.java:45)
	at org.testng.Assert.assertTrue(Assert.java:55)
	at com.NopCommerce.TestCase.TC_LoginTestDDT_002.loginTest(TC_LoginTestDDT_002.java:43)
</failure>
    <system-out><![CDATA[ INFO [main] (TC_LoginTestDDT_002.java:20)- URL is opened...
 INFO [main] (TC_LoginTestDDT_002.java:24)- username is provided...
 INFO [main] (TC_LoginTestDDT_002.java:27)- password is provided....
]]></system-out>
  </testcase>
  <testcase name="loginTest" classname="com.NopCommerce.TestCase.TC_LoginTestDDT_002" time="7.333">
    <failure message="expected [true] but found [false]" type="java.lang.AssertionError">java.lang.AssertionError: expected [true] but found [false]
	at org.testng.Assert.fail(Assert.java:99)
	at org.testng.Assert.failNotEquals(Assert.java:1037)
	at org.testng.Assert.assertTrue(Assert.java:45)
	at org.testng.Assert.assertTrue(Assert.java:55)
	at com.NopCommerce.TestCase.TC_LoginTestDDT_002.loginTest(TC_LoginTestDDT_002.java:43)
</failure>
    <system-out><![CDATA[ INFO [main] (TC_LoginTestDDT_002.java:20)- URL is opened...
 INFO [main] (TC_LoginTestDDT_002.java:24)- username is provided...
 INFO [main] (TC_LoginTestDDT_002.java:27)- password is provided....
]]></system-out>
  </testcase>
</testsuite>