<?xml version="1.0" encoding="UTF-8"?>
<testng-results ignored="0" total="1" passed="1" failed="0" skipped="0">
  <reporter-output>
  </reporter-output>
  <suite started-at="2021-10-02T09:17:47 CDT" name="nopCommerecev1" finished-at="2021-10-02T09:18:04 CDT" duration-ms="17013">
    <groups>
    </groups>
    <test started-at="2021-10-02T09:17:47 CDT" name="Test1" finished-at="2021-10-02T09:18:04 CDT" duration-ms="17013">
      <class name="com.NopCommerce.TestCase.TC_SearchCustomer_004">
        <test-method is-config="true" signature="setup(java.lang.String)[pri:0, instance:com.NopCommerce.TestCase.TC_SearchCustomer_004@2a54a73f]" started-at="2021-10-02T09:17:48 CDT" name="setup" finished-at="2021-10-02T09:17:50 CDT" duration-ms="2415" status="PASS">
          <params>
            <param index="0">
              <value>
                <![CDATA[chrome]]>
              </value>
            </param>
          </params>
          <reporter-output>
          </reporter-output>
        </test-method> <!-- setup -->
        <test-method signature="searchCustomerTest()[pri:0, instance:com.NopCommerce.TestCase.TC_SearchCustomer_004@2a54a73f]" started-at="2021-10-02T09:17:50 CDT" name="searchCustomerTest" finished-at="2021-10-02T09:18:01 CDT" duration-ms="11241" status="PASS">
          <reporter-output>
          </reporter-output>
        </test-method> <!-- searchCustomerTest -->
        <test-method is-config="true" signature="teardown()[pri:0, instance:com.NopCommerce.TestCase.TC_SearchCustomer_004@2a54a73f]" started-at="2021-10-02T09:18:01 CDT" name="teardown" finished-at="2021-10-02T09:18:04 CDT" duration-ms="3116" status="PASS">
          <reporter-output>
          </reporter-output>
        </test-method> <!-- teardown -->
      </class> <!-- com.NopCommerce.TestCase.TC_SearchCustomer_004 -->
    </test> <!-- Test1 -->
  </suite> <!-- nopCommerecev1 -->
</testng-results>
